#
# A fatal error has been detected by the Java Runtime Environment:
#
#  EXCEPTION_ACCESS_VIOLATION (0xc0000005) at pc=0x00007ffe550fc1d4, pid=10776, tid=10528
#
# JRE version: OpenJDK Runtime Environment Temurin-17.0.10+7 (17.0.10+7) (build 17.0.10+7)
# Java VM: OpenJDK 64-Bit Server VM Temurin-17.0.10+7 (17.0.10+7, mixed mode, tiered, compressed oops, compressed class ptrs, parallel gc, windows-amd64)
# Problematic frame:
# V  [jvm.dll+0x2ec1d4]
#
# No core dump will be written. Minidumps are not enabled by default on client versions of Windows
#
# If you would like to submit a bug report, please visit:
#   https://github.com/adoptium/adoptium-support/issues
#

---------------  S U M M A R Y ------------

Command Line: --add-modules=ALL-SYSTEM --add-opens=java.base/java.util=ALL-UNNAMED --add-opens=java.base/java.lang=ALL-UNNAMED --add-opens=java.base/sun.nio.fs=ALL-UNNAMED -Declipse.application=org.eclipse.jdt.ls.core.id1 -Dosgi.bundles.defaultStartLevel=4 -Declipse.product=org.eclipse.jdt.ls.core.product -Djava.import.generatesMetadataFilesAtProjectRoot=false -DDetectVMInstallationsJob.disabled=true -Dfile.encoding=utf8 -XX:+UseParallelGC -XX:GCTimeRatio=4 -XX:AdaptiveSizePolicyWeight=90 -Dsun.zip.disableMemoryMapping=true -Xmx1G -Xms100m -Xlog:disable -javaagent:c:\Users\Aboun\.vscode\extensions\redhat.java-1.28.1-win32-x64\lombok\lombok-1.18.31.jar -XX:+HeapDumpOnOutOfMemoryError -XX:HeapDumpPath=c:\Users\Aboun\AppData\Roaming\Code\User\workspaceStorage\f4f2e6e4d33df3577cbe33033ea152e6\redhat.java -Daether.dependencyCollector.impl=bf c:\Users\Aboun\.vscode\extensions\redhat.java-1.28.1-win32-x64\server\plugins\org.eclipse.equinox.launcher_1.6.700.v20231214-2017.jar -configuration c:\Users\Aboun\AppData\Roaming\Code\User\globalStorage\redhat.java\1.28.1\config_win -data c:\Users\Aboun\AppData\Roaming\Code\User\workspaceStorage\f4f2e6e4d33df3577cbe33033ea152e6\redhat.java\jdt_ws --stdio

Host: Intel(R) Core(TM) i9-10900K CPU @ 3.70GHz, 20 cores, 31G,  Windows 11 , 64 bit Build 22621 (10.0.22621.3085)
Time: Sun Feb 25 20:51:06 2024 Eastern Standard Time elapsed time: 15809.640234 seconds (0d 4h 23m 29s)

---------------  T H R E A D  ---------------

Current thread (0x000001dedc6b78b0):  GCTaskThread "GC Thread#7" [stack: 0x0000003194600000,0x0000003194700000] [id=10528]

Stack: [0x0000003194600000,0x0000003194700000],  sp=0x00000031946ffc28,  free space=1023k
Native frames: (J=compiled Java code, j=interpreted, Vv=VM code, C=native code)
V  [jvm.dll+0x2ec1d4]
V  [jvm.dll+0x6be078]
V  [jvm.dll+0x6be4ef]
V  [jvm.dll+0x86226b]
V  [jvm.dll+0x8622b6]
V  [jvm.dll+0x7e3fba]
V  [jvm.dll+0x67c1b5]
C  [ucrtbase.dll+0x29363]
C  [KERNEL32.DLL+0x1257d]
C  [ntdll.dll+0x5aa58]


siginfo: EXCEPTION_ACCESS_VIOLATION (0xc0000005), data execution prevention violation at address 0x00007ffef50f41d4


Registers:
RAX=0x000000000000b800, RBX=0x0000000000000005, RCX=0x000001ded440ede0, RDX=0x0000000000000002
RSP=0x00000031946ffc28, RBP=0x0000000000000000, RSI=0x0000000000000010, RDI=0x000001ded4320d50
R8 =0x0000000000000000, R9 =0x0000000000000008, R10=0x0000000000000000, R11=0x000001ded4410160
R12=0x0000000000000000, R13=0x000001dedc6d36d0, R14=0x0000000000000040, R15=0x00000031946ffc90
RIP=0x00007ffe550fc1d4, EFLAGS=0x0000000000010246


Register to memory mapping:

RIP=0x00007ffe550fc1d4 jvm.dll
RAX=0x000000000000b800 is an unknown value
RBX=0x0000000000000005 is an unknown value
RCX=0x000001ded440ede0 points into unknown readable memory: 0x0000000000000000 | 00 00 00 00 00 00 00 00
RDX=0x0000000000000002 is an unknown value
RSP=0x00000031946ffc28 points into unknown readable memory: 0x0000003192afeeb8 | b8 ee af 92 31 00 00 00
RBP=0x0 is NULL
RSI=0x0000000000000010 is an unknown value
RDI=0x000001ded4320d50 points into unknown readable memory: 0x00007ffe55763100 | 00 31 76 55 fe 7f 00 00
R8 =0x0 is NULL
R9 =0x0000000000000008 is an unknown value
R10=0x0 is NULL
R11=0x000001ded4410160 points into unknown readable memory: 0x0000000000000000 | 00 00 00 00 00 00 00 00
R12=0x0 is NULL
R13=0x000001dedc6d36d0 points into unknown readable memory: 0x0000000000000002 | 02 00 00 00 00 00 00 00
R14=0x0000000000000040 is an unknown value
R15=0x00000031946ffc90 points into unknown readable memory: 0x0000000000000000 | 00 00 00 00 00 00 00 00


Top of Stack: (sp=0x00000031946ffc28)
0x00000031946ffc28:   0000003192afeeb8 0000000000000005
0x00000031946ffc38:   0000000000000005 0000000000000005
0x00000031946ffc48:   00007ffe554ce078 000001ded4410100
0x00000031946ffc58:   000001ded4410100 0000000000000000
0x00000031946ffc68:   0000003192afef10 0000003192afedb0
0x00000031946ffc78:   00007ffe554ce4ef 000001ded4410100
0x00000031946ffc88:   00000031946ffd19 0000000000000000
0x00000031946ffc98:   0000003192afeef0 000001ded4410100
0x00000031946ffca8:   0000000000000005 000000000000000f
0x00000031946ffcb8:   0000003192afe918 0000000500000002
0x00000031946ffcc8:   000001ded4410100 00007ffe557c1f08
0x00000031946ffcd8:   000001ded4410100 0000003192afedb0
0x00000031946ffce8:   000001ded968ccd0 00000000000003d8
0x00000031946ffcf8:   000001ded968cce0 000001ded968d0b8
0x00000031946ffd08:   00007ffe557c2058 0000000000000005
0x00000031946ffd18:   0000000000000000 0000000000000000
0x00000031946ffd28:   0000000000000000 0000000000000000
0x00000031946ffd38:   0000a3c14485b8a5 0000000000000000
0x00000031946ffd48:   000001dedc6b78b0 0000000000000000
0x00000031946ffd58:   0000000000000000 0000003192afedb0
0x00000031946ffd68:   000001dedc6b78b0 0000000000000000
0x00000031946ffd78:   00007ffe5567226b 0000000000000006
0x00000031946ffd88:   0000000000000000 0000000000000006
0x00000031946ffd98:   0000003192afedb0 00000000000075a3
0x00000031946ffda8:   00007ffe556722b6 000001dedc6b78b0
0x00000031946ffdb8:   00000031ffffffff 000001dec059c970
0x00000031946ffdc8:   0000000000000000 000001dedc6b78b0
0x00000031946ffdd8:   00007ffe555f3fba 0000000000000000
0x00000031946ffde8:   00000000000075a3 000001dedc6b78b0
0x00000031946ffdf8:   00007fff1f5544ab 0000000000000000
0x00000031946ffe08:   0000000000000000 0000000000000000
0x00000031946ffe18:   00007ffe5548c1b5 000001dedc6b78b0 

Instructions: (pc=0x00007ffe550fc1d4)
0x00007ffe550fc0d4:   00 00 00 00 48 8b 47 10 49 8b 0c 06 8b 81 00 01
0x00007ffe550fc0e4:   00 00 44 8b 91 80 00 00 00 44 2b d0 8b c2 41 81
0x00007ffe550fc0f4:   e2 ff ff 01 00 41 81 fa ff ff 01 00 45 0f 44 d4
0x00007ffe550fc104:   48 8d 34 c5 00 00 00 00 48 8b 47 10 48 8b 0c 06
0x00007ffe550fc114:   8b 81 00 01 00 00 44 8b 81 80 00 00 00 44 2b c0
0x00007ffe550fc124:   32 c0 41 81 e0 ff ff 01 00 41 81 f8 ff ff 01 00
0x00007ffe550fc134:   45 0f 44 c4 45 3b c2 76 0a 48 8b 47 10 48 8b 34
0x00007ffe550fc144:   06 eb 14 45 85 d2 0f 84 84 00 00 00 48 8b 47 10
0x00007ffe550fc154:   41 8b d1 49 8b 34 06 48 8b 86 00 01 00 00 90 8b
0x00007ffe550fc164:   8e 80 00 00 00 2b c8 81 e1 ff ff 01 00 81 f9 ff
0x00007ffe550fc174:   ff 01 00 41 0f 44 cc 85 c9 75 13 ba ff ff ff ff
0x00007ffe550fc184:   32 c0 41 89 93 00 02 00 00 e9 c5 00 00 00 48 8b
0x00007ffe550fc194:   8e 80 01 00 00 4c 8b c8 44 8b c0 4e 8b 04 c1 8d
0x00007ffe550fc1a4:   48 01 81 e1 ff ff 01 00 4d 89 07 45 8b c4 41 0f
0x00007ffe550fc1b4:   94 c0 49 c1 e9 20 45 03 c8 49 c1 e1 20 4c 0b c9
0x00007ffe550fc1c4:   f0 4c 0f b1 8e 00 01 00 00 0f 94 c0 84 c0 75 05
0x00007ffe550fc1d4:   ba ff ff ff ff 41 89 93 00 02 00 00 eb 75 75 77
0x00007ffe550fc1e4:   48 8b 47 10 8d 4b ff 83 e1 01 4c 8b 14 c8 49 8b
0x00007ffe550fc1f4:   82 00 01 00 00 90 41 8b 8a 80 00 00 00 2b c8 81
0x00007ffe550fc204:   e1 ff ff 01 00 81 f9 ff ff 01 00 41 0f 44 cc 85
0x00007ffe550fc214:   c9 75 04 32 c0 eb 3c 49 8b 8a 80 01 00 00 4c 8b
0x00007ffe550fc224:   c0 8b d0 48 8b 14 d1 8d 48 01 81 e1 ff ff 01 00
0x00007ffe550fc234:   49 89 17 41 8b d4 0f 94 c2 49 c1 e8 20 44 03 c2
0x00007ffe550fc244:   49 c1 e0 20 4c 0b c1 f0 4d 0f b1 82 00 01 00 00
0x00007ffe550fc254:   0f 94 c0 84 c0 75 29 8b 4f 08 ff c5 8d 04 09 3b
0x00007ffe550fc264:   e8 0f 82 a7 fd ff ff 32 c0 48 8b 5c 24 30 48 8b
0x00007ffe550fc274:   6c 24 38 48 8b 74 24 40 41 5f 41 5e 41 5c 5f c3
0x00007ffe550fc284:   b0 01 eb e5 cc cc cc cc cc cc cc cc 48 8b 91 90
0x00007ffe550fc294:   00 00 00 48 8b 81 98 00 00 00 48 89 81 90 00 00
0x00007ffe550fc2a4:   00 48 89 91 98 00 00 00 c3 cc cc cc 48 8b 89 a0
0x00007ffe550fc2b4:   06 00 00 e9 b4 62 57 00 cc cc cc cc 48 89 54 24
0x00007ffe550fc2c4:   10 4c 89 44 24 18 4c 89 4c 24 20 53 48 83 ec 20 


Stack slot to memory mapping:
stack at sp + 0 slots: 0x0000003192afeeb8 points into unknown readable memory: 0x000001dec05bc030 | 30 c0 5b c0 de 01 00 00
stack at sp + 1 slots: 0x0000000000000005 is an unknown value
stack at sp + 2 slots: 0x0000000000000005 is an unknown value
stack at sp + 3 slots: 0x0000000000000005 is an unknown value
stack at sp + 4 slots: 0x00007ffe554ce078 jvm.dll
stack at sp + 5 slots: 0x000001ded4410100 points into unknown readable memory: 0x00007ffe557c1db8 | b8 1d 7c 55 fe 7f 00 00
stack at sp + 6 slots: 0x000001ded4410100 points into unknown readable memory: 0x00007ffe557c1db8 | b8 1d 7c 55 fe 7f 00 00
stack at sp + 7 slots: 0x0 is NULL


---------------  P R O C E S S  ---------------

Threads class SMR info:
_java_thread_list=0x000001dee15e1460, length=49, elements={
0x000001dec05a0b20, 0x000001ded4429010, 0x000001ded442b180, 0x000001dec064af50,
0x000001dec064b820, 0x000001ded95a3200, 0x000001ded959ff60, 0x000001ded95a9630,
0x000001ded95aa6e0, 0x000001ded95abb80, 0x000001ded95a27e0, 0x000001ded95a13a0,
0x000001ded95a18b0, 0x000001ded95a22d0, 0x000001ded95a0e90, 0x000001ded95a2cf0,
0x000001ded95a3710, 0x000001dedcd16e70, 0x000001dedcd1ba60, 0x000001dedcd17890,
0x000001dedcd1a620, 0x000001dedcd196f0, 0x000001dedcd1bf70, 0x000001dedf4dada0,
0x000001dedf4db7c0, 0x000001dedf4dc6f0, 0x000001dedc159050, 0x000001dedf4ddb30,
0x000001dedf4e08c0, 0x000001dedf4e17f0, 0x000001dedf4e2210, 0x000001dedf4dbcd0,
0x000001dedf4dc1e0, 0x000001dedcd1ab30, 0x000001dedcd1b040, 0x000001dedcd1b550,
0x000001dedcd1cea0, 0x000001dedcd1d3b0, 0x000001dedcd1d8c0, 0x000001dedcd1ddd0,
0x000001dedcd1e2e0, 0x000001dedcd17380, 0x000001dedcd17da0, 0x000001dedcd182b0,
0x000001dedcd187c0, 0x000001dedc159560, 0x000001dedc155390, 0x000001dedc1558a0,
0x000001dedc158630
}

Java Threads: ( => current thread )
  0x000001dec05a0b20 JavaThread "main" [_thread_blocked, id=7632, stack(0x0000003192800000,0x0000003192900000)]
  0x000001ded4429010 JavaThread "Reference Handler" daemon [_thread_blocked, id=2356, stack(0x0000003192b00000,0x0000003192c00000)]
  0x000001ded442b180 JavaThread "Finalizer" daemon [_thread_blocked, id=20280, stack(0x0000003192c00000,0x0000003192d00000)]
  0x000001dec064af50 JavaThread "Signal Dispatcher" daemon [_thread_blocked, id=17660, stack(0x0000003192d00000,0x0000003192e00000)]
  0x000001dec064b820 JavaThread "Attach Listener" daemon [_thread_blocked, id=12628, stack(0x0000003192e00000,0x0000003192f00000)]
  0x000001ded95a3200 JavaThread "Service Thread" daemon [_thread_blocked, id=11900, stack(0x0000003192f00000,0x0000003193000000)]
  0x000001ded959ff60 JavaThread "Monitor Deflation Thread" daemon [_thread_blocked, id=3132, stack(0x0000003193000000,0x0000003193100000)]
  0x000001ded95a9630 JavaThread "C2 CompilerThread0" daemon [_thread_blocked, id=6468, stack(0x0000003193100000,0x0000003193200000)]
  0x000001ded95aa6e0 JavaThread "C1 CompilerThread0" daemon [_thread_blocked, id=11356, stack(0x0000003193200000,0x0000003193300000)]
  0x000001ded95abb80 JavaThread "Sweeper thread" daemon [_thread_blocked, id=4396, stack(0x0000003193300000,0x0000003193400000)]
  0x000001ded95a27e0 JavaThread "Common-Cleaner" daemon [_thread_blocked, id=11788, stack(0x0000003193400000,0x0000003193500000)]
  0x000001ded95a13a0 JavaThread "Notification Thread" daemon [_thread_blocked, id=11000, stack(0x0000003193900000,0x0000003193a00000)]
  0x000001ded95a18b0 JavaThread "Active Thread: Equinox Container: 8d49c128-110a-461c-ab24-296f732c90ba" [_thread_blocked, id=18452, stack(0x0000003194200000,0x0000003194300000)]
  0x000001ded95a22d0 JavaThread "Framework Event Dispatcher: Equinox Container: 8d49c128-110a-461c-ab24-296f732c90ba" daemon [_thread_blocked, id=9656, stack(0x0000003194300000,0x0000003194400000)]
  0x000001ded95a0e90 JavaThread "Start Level: Equinox Container: 8d49c128-110a-461c-ab24-296f732c90ba" daemon [_thread_blocked, id=13756, stack(0x0000003194400000,0x0000003194500000)]
  0x000001ded95a2cf0 JavaThread "Bundle File Closer" daemon [_thread_blocked, id=6568, stack(0x0000003194700000,0x0000003194800000)]
  0x000001ded95a3710 JavaThread "SCR Component Actor" daemon [_thread_blocked, id=10168, stack(0x0000003194900000,0x0000003194a00000)]
  0x000001dedcd16e70 JavaThread "Worker-JM" [_thread_blocked, id=14924, stack(0x0000003194d00000,0x0000003194e00000)]
  0x000001dedcd1ba60 JavaThread "Java indexing" daemon [_thread_blocked, id=4528, stack(0x0000003195400000,0x0000003195500000)]
  0x000001dedcd17890 JavaThread "JNA Cleaner" daemon [_thread_blocked, id=11392, stack(0x0000003195500000,0x0000003195600000)]
  0x000001dedcd1a620 JavaThread "pool-2-thread-1" [_thread_blocked, id=7972, stack(0x0000003195800000,0x0000003195900000)]
  0x000001dedcd196f0 JavaThread "WorkspaceEventsHandler" [_thread_blocked, id=3776, stack(0x0000003195900000,0x0000003195a00000)]
  0x000001dedcd1bf70 JavaThread "pool-1-thread-1" [_thread_in_native, id=10792, stack(0x0000003195a00000,0x0000003195b00000)]
  0x000001dedf4dada0 JavaThread "Java Debug Server" daemon [_thread_in_native, id=15676, stack(0x0000003193c00000,0x0000003193d00000)]
  0x000001dedf4db7c0 JavaThread "RxSchedulerPurge-1" daemon [_thread_blocked, id=9492, stack(0x0000003195700000,0x0000003195800000)]
  0x000001dedf4dc6f0 JavaThread "RxCachedWorkerPoolEvictor-1" daemon [_thread_blocked, id=13732, stack(0x0000003195b00000,0x0000003195c00000)]
  0x000001dedc159050 JavaThread "Worker-9" [_thread_blocked, id=10268, stack(0x0000003195600000,0x0000003195700000)]
  0x000001dedf4ddb30 JavaThread "ForkJoinPool.commonPool-worker-30" daemon [_thread_blocked, id=24216, stack(0x0000003192500000,0x0000003192600000)]
  0x000001dedf4e08c0 JavaThread "ForkJoinPool.commonPool-worker-31" daemon [_thread_blocked, id=23056, stack(0x0000003193500000,0x0000003193600000)]
  0x000001dedf4e17f0 JavaThread "ForkJoinPool.commonPool-worker-32" daemon [_thread_blocked, id=13132, stack(0x0000003193600000,0x0000003193700000)]
  0x000001dedf4e2210 JavaThread "ForkJoinPool.commonPool-worker-33" daemon [_thread_blocked, id=1060, stack(0x0000003193700000,0x0000003193800000)]
  0x000001dedf4dbcd0 JavaThread "ForkJoinPool.commonPool-worker-34" daemon [_thread_blocked, id=21560, stack(0x0000003193800000,0x0000003193900000)]
  0x000001dedf4dc1e0 JavaThread "ForkJoinPool.commonPool-worker-35" daemon [_thread_blocked, id=23544, stack(0x0000003193b00000,0x0000003193c00000)]
  0x000001dedcd1ab30 JavaThread "ForkJoinPool.commonPool-worker-36" daemon [_thread_blocked, id=24672, stack(0x0000003194a00000,0x0000003194b00000)]
  0x000001dedcd1b040 JavaThread "ForkJoinPool.commonPool-worker-37" daemon [_thread_blocked, id=21248, stack(0x0000003195000000,0x0000003195100000)]
  0x000001dedcd1b550 JavaThread "ForkJoinPool.commonPool-worker-38" daemon [_thread_blocked, id=23524, stack(0x0000003195c00000,0x0000003195d00000)]
  0x000001dedcd1cea0 JavaThread "ForkJoinPool.commonPool-worker-39" daemon [_thread_blocked, id=23772, stack(0x0000003195d00000,0x0000003195e00000)]
  0x000001dedcd1d3b0 JavaThread "ForkJoinPool.commonPool-worker-40" daemon [_thread_blocked, id=24544, stack(0x0000003195e00000,0x0000003195f00000)]
  0x000001dedcd1d8c0 JavaThread "ForkJoinPool.commonPool-worker-41" daemon [_thread_blocked, id=3432, stack(0x0000003195f00000,0x0000003196000000)]
  0x000001dedcd1ddd0 JavaThread "ForkJoinPool.commonPool-worker-42" daemon [_thread_blocked, id=23696, stack(0x0000003196000000,0x0000003196100000)]
  0x000001dedcd1e2e0 JavaThread "ForkJoinPool.commonPool-worker-43" daemon [_thread_blocked, id=23640, stack(0x0000003196100000,0x0000003196200000)]
  0x000001dedcd17380 JavaThread "ForkJoinPool.commonPool-worker-44" daemon [_thread_blocked, id=23952, stack(0x0000003196200000,0x0000003196300000)]
  0x000001dedcd17da0 JavaThread "ForkJoinPool.commonPool-worker-45" daemon [_thread_blocked, id=8444, stack(0x0000003196300000,0x0000003196400000)]
  0x000001dedcd182b0 JavaThread "ForkJoinPool.commonPool-worker-46" daemon [_thread_blocked, id=24512, stack(0x0000003196400000,0x0000003196500000)]
  0x000001dedcd187c0 JavaThread "ForkJoinPool.commonPool-worker-47" daemon [_thread_blocked, id=14896, stack(0x0000003196500000,0x0000003196600000)]
  0x000001dedc159560 JavaThread "Worker-13: Building" [_thread_blocked, id=15612, stack(0x0000003192700000,0x0000003192800000)]
  0x000001dedc155390 JavaThread "ForkJoinPool.commonPool-worker-49" daemon [_thread_blocked, id=14160, stack(0x0000003192600000,0x0000003192700000)]
  0x000001dedc1558a0 JavaThread "Worker-14" [_thread_blocked, id=9524, stack(0x0000003194f00000,0x0000003195000000)]
  0x000001dedc158630 JavaThread "Compiler Processing Task" daemon [_thread_blocked, id=9412, stack(0x0000003196600000,0x0000003196700000)]

Other Threads:
  0x000001dec0648c90 VMThread "VM Thread" [stack: 0x0000003192a00000,0x0000003192b00000] [id=17460]
  0x000001dedbda2820 WatcherThread [stack: 0x0000003193a00000,0x0000003193b00000] [id=14772]
  0x000001dec05b5ce0 GCTaskThread "GC Thread#0" [stack: 0x0000003192900000,0x0000003192a00000] [id=17616]
  0x000001dedc5d02d0 GCTaskThread "GC Thread#1" [stack: 0x0000003193d00000,0x0000003193e00000] [id=14000]
  0x000001dedc476330 GCTaskThread "GC Thread#2" [stack: 0x0000003193e00000,0x0000003193f00000] [id=16592]
  0x000001dedc4765f0 GCTaskThread "GC Thread#3" [stack: 0x0000003193f00000,0x0000003194000000] [id=4816]
  0x000001dedc5d0ba0 GCTaskThread "GC Thread#4" [stack: 0x0000003194000000,0x0000003194100000] [id=4336]
  0x000001dedc5d0e60 GCTaskThread "GC Thread#5" [stack: 0x0000003194100000,0x0000003194200000] [id=18644]
  0x000001dedc78f820 GCTaskThread "GC Thread#6" [stack: 0x0000003194500000,0x0000003194600000] [id=4660]
=>0x000001dedc6b78b0 GCTaskThread "GC Thread#7" [stack: 0x0000003194600000,0x0000003194700000] [id=10528]
  0x000001dedc84bc80 GCTaskThread "GC Thread#8" [stack: 0x0000003194800000,0x0000003194900000] [id=460]
  0x000001dedcfb2860 GCTaskThread "GC Thread#9" [stack: 0x0000003194b00000,0x0000003194c00000] [id=18112]
  0x000001dedcfb2b20 GCTaskThread "GC Thread#10" [stack: 0x0000003194c00000,0x0000003194d00000] [id=6276]
  0x000001dedd066db0 GCTaskThread "GC Thread#11" [stack: 0x0000003194e00000,0x0000003194f00000] [id=16120]
  0x000001dedc8b2310 GCTaskThread "GC Thread#12" [stack: 0x0000003195100000,0x0000003195200000] [id=21104]
  0x000001dedd11f280 GCTaskThread "GC Thread#13" [stack: 0x0000003195200000,0x0000003195300000] [id=21160]
  0x000001dedd11f800 GCTaskThread "GC Thread#14" [stack: 0x0000003195300000,0x0000003195400000] [id=10072]

Threads with active compile tasks:

VM state: at safepoint (normal execution)

VM Mutex/Monitor currently owned by a thread:  ([mutex/lock_event])
[0x000001dec059de40] Threads_lock - owner thread: 0x000001dec0648c90
[0x000001dec059dae0] Heap_lock - owner thread: 0x000001dedc158630

Heap address: 0x00000000c0000000, size: 1024 MB, Compressed Oops mode: 32-bit

CDS archive(s) not mapped
Compressed class space mapped at: 0x0000000100000000-0x0000000140000000, reserved size: 1073741824
Narrow klass base: 0x0000000000000000, Narrow klass shift: 3, Narrow klass range: 0x140000000

GC Precious Log:
 CPUs: 20 total, 20 available
 Memory: 32670M
 Large Page Support: Disabled
 NUMA Support: Disabled
 Compressed Oops: Enabled (32-bit)
 Alignments: Space 512K, Generation 512K, Heap 2M
 Heap Min Capacity: 100M
 Heap Initial Capacity: 100M
 Heap Max Capacity: 1G
 Pre-touch: Disabled
 Parallel Workers: 15

Heap:
 PSYoungGen      total 4608K, used 4224K [0x00000000eab00000, 0x00000000eb180000, 0x0000000100000000)
  eden space 2560K, 100% used [0x00000000eab00000,0x00000000ead80000,0x00000000ead80000)
  from space 2048K, 81% used [0x00000000eae80000,0x00000000eb020000,0x00000000eb080000)
  to   space 1024K, 87% used [0x00000000eb080000,0x00000000eb160000,0x00000000eb180000)
 ParOldGen       total 127488K, used 112883K [0x00000000c0000000, 0x00000000c7c80000, 0x00000000eab00000)
  object space 127488K, 88% used [0x00000000c0000000,0x00000000c6e3cfd0,0x00000000c7c80000)
 Metaspace       used 95428K, committed 96576K, reserved 1179648K
  class space    used 9479K, committed 9984K, reserved 1048576K

Card table byte_map: [0x000001debff30000,0x000001dec0140000] _byte_map_base: 0x000001debf930000

Marking Bits: (ParMarkBitMap*) 0x00007ffe559ad7d0
 Begin Bits: [0x000001ded2230000, 0x000001ded3230000)
 End Bits:   [0x000001ded3230000, 0x000001ded4230000)

Polling page: 0x000001debe4b0000

Metaspace:

Usage:
  Non-class:     83.93 MB used.
      Class:      9.26 MB used.
       Both:     93.19 MB used.

Virtual space:
  Non-class space:      128.00 MB reserved,      84.56 MB ( 66%) committed,  2 nodes.
      Class space:        1.00 GB reserved,       9.75 MB ( <1%) committed,  1 nodes.
             Both:        1.12 GB reserved,      94.31 MB (  8%) committed. 

Chunk freelists:
   Non-Class:  11.19 MB
       Class:  6.28 MB
        Both:  17.47 MB

MaxMetaspaceSize: unlimited
CompressedClassSpaceSize: 1.00 GB
Initial GC threshold: 21.00 MB
Current GC threshold: 157.19 MB
CDS: off
MetaspaceReclaimPolicy: balanced
 - commit_granule_bytes: 65536.
 - commit_granule_words: 8192.
 - virtual_space_node_default_size: 8388608.
 - enlarge_chunks_in_place: 1.
 - new_chunks_are_fully_committed: 0.
 - uncommit_free_chunks: 1.
 - use_allocation_guard: 0.
 - handle_deallocations: 1.


Internal statistics:

num_allocs_failed_limit: 9.
num_arena_births: 1056.
num_arena_deaths: 374.
num_vsnodes_births: 3.
num_vsnodes_deaths: 0.
num_space_committed: 1509.
num_space_uncommitted: 0.
num_chunks_returned_to_freelist: 435.
num_chunks_taken_from_freelist: 5118.
num_chunk_merges: 167.
num_chunk_splits: 3116.
num_chunks_enlarged: 1850.
num_inconsistent_stats: 0.

CodeHeap 'non-profiled nmethods': size=119168Kb used=26175Kb max_used=26175Kb free=92992Kb
 bounds [0x000001decadd0000, 0x000001decc760000, 0x000001ded2230000]
CodeHeap 'profiled nmethods': size=119104Kb used=39911Kb max_used=40114Kb free=79192Kb
 bounds [0x000001dec3230000, 0x000001dec5970000, 0x000001deca680000]
CodeHeap 'non-nmethods': size=7488Kb used=1444Kb max_used=3242Kb free=6043Kb
 bounds [0x000001deca680000, 0x000001deca9c0000, 0x000001decadd0000]
 total_blobs=20074 nmethods=19278 adapters=704
 compilation: enabled
              stopped_count=0, restarted_count=0
 full_count=0

Compilation events (20 events):
Event: 15801.475 Thread 0x000001ded95a9630 27390       4       java.util.concurrent.ForkJoinPool$WorkQueue::tryPoll (74 bytes)
Event: 15801.477 Thread 0x000001ded95a9630 nmethod 27390 0x000001decc758190 code [0x000001decc758320, 0x000001decc7584c8]
Event: 15803.548 Thread 0x000001ded95aa6e0 27391       1       java.util.logging.LogManager$LoggerWeakRef::setParentRef (6 bytes)
Event: 15803.548 Thread 0x000001ded95aa6e0 nmethod 27391 0x000001decc758710 code [0x000001decc7588a0, 0x000001decc758978]
Event: 15804.342 Thread 0x000001ded95a9630 27392       4       org.eclipse.jdt.internal.compiler.lookup.Scope::connectTypeVariables (1121 bytes)
Event: 15804.406 Thread 0x000001ded95a9630 nmethod 27392 0x000001decc758a10 code [0x000001decc758cc0, 0x000001decc759e58]
Event: 15806.542 Thread 0x000001ded95a9630 27393       4       org.eclipse.jdt.internal.corext.refactoring.code.SnippetFinder$Matcher::match (182 bytes)
Event: 15806.553 Thread 0x000001ded95a9630 nmethod 27393 0x000001decc75ad90 code [0x000001decc75b0c0, 0x000001decc75c430]
Event: 15806.553 Thread 0x000001ded95a9630 27394       4       org.eclipse.jdt.internal.compiler.parser.Parser::consumeLambdaHeader (343 bytes)
Event: 15806.560 Thread 0x000001ded95a9630 nmethod 27394 0x000001decc75d490 code [0x000001decc75d680, 0x000001decc75e030]
Event: 15806.629 Thread 0x000001ded95a9630 27395       4       org.eclipse.jdt.internal.compiler.ast.TypeDeclaration::addClinit (100 bytes)
Event: 15806.633 Thread 0x000001ded95a9630 nmethod 27395 0x000001decc75e610 code [0x000001decc75e7a0, 0x000001decc75ecb8]
Event: 15807.007 Thread 0x000001ded95aa6e0 27396       3       org.eclipse.jdt.internal.ui.text.correction.QuickAssistProcessorUtil::isAutoClosable (14 bytes)
Event: 15807.007 Thread 0x000001ded95aa6e0 nmethod 27396 0x000001dec5022e90 code [0x000001dec5023040, 0x000001dec50231c8]
Event: 15807.290 Thread 0x000001ded95a9630 27397       4       org.eclipse.jdt.internal.core.CompilationUnit::getFileName (13 bytes)
Event: 15807.295 Thread 0x000001ded95a9630 nmethod 27397 0x000001decc75ef10 code [0x000001decc75f120, 0x000001decc75f7c0]
Event: 15809.453 Thread 0x000001ded95aa6e0 27398       3       java.lang.StackFrameInfo::getClassName (8 bytes)
Event: 15809.453 Thread 0x000001ded95aa6e0 nmethod 27398 0x000001dec40d3390 code [0x000001dec40d3560, 0x000001dec40d39a8]
Event: 15809.544 Thread 0x000001ded95aa6e0 27399       3       org.eclipse.jdt.internal.core.index.DiskIndex::readStreamInt (117 bytes)
Event: 15809.544 Thread 0x000001ded95aa6e0 nmethod 27399 0x000001dec5160810 code [0x000001dec51609c0, 0x000001dec5160c28]

GC Heap History (20 events):
Event: 15809.441 GC heap after
{Heap after GC invocations=9734 (full 161):
 PSYoungGen      total 4096K, used 0K [0x00000000eab00000, 0x00000000eb000000, 0x0000000100000000)
  eden space 3072K, 0% used [0x00000000eab00000,0x00000000eab00000,0x00000000eae00000)
  from space 1024K, 0% used [0x00000000eaf00000,0x00000000eaf00000,0x00000000eb000000)
  to   space 1024K, 0% used [0x00000000eae00000,0x00000000eae00000,0x00000000eaf00000)
 ParOldGen       total 127488K, used 100774K [0x00000000c0000000, 0x00000000c7c80000, 0x00000000eab00000)
  object space 127488K, 79% used [0x00000000c0000000,0x00000000c62698a8,0x00000000c7c80000)
 Metaspace       used 95427K, committed 96576K, reserved 1179648K
  class space    used 9479K, committed 9984K, reserved 1048576K
}
Event: 15809.445 GC heap before
{Heap before GC invocations=9735 (full 161):
 PSYoungGen      total 4096K, used 3072K [0x00000000eab00000, 0x00000000eb000000, 0x0000000100000000)
  eden space 3072K, 100% used [0x00000000eab00000,0x00000000eae00000,0x00000000eae00000)
  from space 1024K, 0% used [0x00000000eaf00000,0x00000000eaf00000,0x00000000eb000000)
  to   space 1024K, 0% used [0x00000000eae00000,0x00000000eae00000,0x00000000eaf00000)
 ParOldGen       total 127488K, used 100774K [0x00000000c0000000, 0x00000000c7c80000, 0x00000000eab00000)
  object space 127488K, 79% used [0x00000000c0000000,0x00000000c62698a8,0x00000000c7c80000)
 Metaspace       used 95427K, committed 96576K, reserved 1179648K
  class space    used 9479K, committed 9984K, reserved 1048576K
}
Event: 15809.447 GC heap after
{Heap after GC invocations=9735 (full 161):
 PSYoungGen      total 4096K, used 928K [0x00000000eab00000, 0x00000000eb100000, 0x0000000100000000)
  eden space 3072K, 0% used [0x00000000eab00000,0x00000000eab00000,0x00000000eae00000)
  from space 1024K, 90% used [0x00000000eae00000,0x00000000eaee8020,0x00000000eaf00000)
  to   space 1536K, 0% used [0x00000000eaf80000,0x00000000eaf80000,0x00000000eb100000)
 ParOldGen       total 127488K, used 100774K [0x00000000c0000000, 0x00000000c7c80000, 0x00000000eab00000)
  object space 127488K, 79% used [0x00000000c0000000,0x00000000c62698a8,0x00000000c7c80000)
 Metaspace       used 95427K, committed 96576K, reserved 1179648K
  class space    used 9479K, committed 9984K, reserved 1048576K
}
Event: 15809.451 GC heap before
{Heap before GC invocations=9736 (full 161):
 PSYoungGen      total 4096K, used 4000K [0x00000000eab00000, 0x00000000eb100000, 0x0000000100000000)
  eden space 3072K, 100% used [0x00000000eab00000,0x00000000eae00000,0x00000000eae00000)
  from space 1024K, 90% used [0x00000000eae00000,0x00000000eaee8020,0x00000000eaf00000)
  to   space 1536K, 0% used [0x00000000eaf80000,0x00000000eaf80000,0x00000000eb100000)
 ParOldGen       total 127488K, used 100774K [0x00000000c0000000, 0x00000000c7c80000, 0x00000000eab00000)
  object space 127488K, 79% used [0x00000000c0000000,0x00000000c62698a8,0x00000000c7c80000)
 Metaspace       used 95427K, committed 96576K, reserved 1179648K
  class space    used 9479K, committed 9984K, reserved 1048576K
}
Event: 15809.452 GC heap after
{Heap after GC invocations=9736 (full 161):
 PSYoungGen      total 3584K, used 256K [0x00000000eab00000, 0x00000000eb000000, 0x0000000100000000)
  eden space 3072K, 0% used [0x00000000eab00000,0x00000000eab00000,0x00000000eae00000)
  from space 512K, 50% used [0x00000000eaf80000,0x00000000eafc0000,0x00000000eb000000)
  to   space 512K, 0% used [0x00000000eaf00000,0x00000000eaf00000,0x00000000eaf80000)
 ParOldGen       total 127488K, used 101062K [0x00000000c0000000, 0x00000000c7c80000, 0x00000000eab00000)
  object space 127488K, 79% used [0x00000000c0000000,0x00000000c62b1938,0x00000000c7c80000)
 Metaspace       used 95427K, committed 96576K, reserved 1179648K
  class space    used 9479K, committed 9984K, reserved 1048576K
}
Event: 15809.491 GC heap before
{Heap before GC invocations=9737 (full 161):
 PSYoungGen      total 3584K, used 3327K [0x00000000eab00000, 0x00000000eb000000, 0x0000000100000000)
  eden space 3072K, 99% used [0x00000000eab00000,0x00000000eadffe18,0x00000000eae00000)
  from space 512K, 50% used [0x00000000eaf80000,0x00000000eafc0000,0x00000000eb000000)
  to   space 512K, 0% used [0x00000000eaf00000,0x00000000eaf00000,0x00000000eaf80000)
 ParOldGen       total 127488K, used 101062K [0x00000000c0000000, 0x00000000c7c80000, 0x00000000eab00000)
  object space 127488K, 79% used [0x00000000c0000000,0x00000000c62b1938,0x00000000c7c80000)
 Metaspace       used 95428K, committed 96576K, reserved 1179648K
  class space    used 9479K, committed 9984K, reserved 1048576K
}
Event: 15809.491 GC heap after
{Heap after GC invocations=9737 (full 161):
 PSYoungGen      total 3584K, used 487K [0x00000000eab00000, 0x00000000eb200000, 0x0000000100000000)
  eden space 3072K, 0% used [0x00000000eab00000,0x00000000eab00000,0x00000000eae00000)
  from space 512K, 95% used [0x00000000eaf00000,0x00000000eaf79f48,0x00000000eaf80000)
  to   space 2048K, 0% used [0x00000000eb000000,0x00000000eb000000,0x00000000eb200000)
 ParOldGen       total 127488K, used 102251K [0x00000000c0000000, 0x00000000c7c80000, 0x00000000eab00000)
  object space 127488K, 80% used [0x00000000c0000000,0x00000000c63dacb0,0x00000000c7c80000)
 Metaspace       used 95428K, committed 96576K, reserved 1179648K
  class space    used 9479K, committed 9984K, reserved 1048576K
}
Event: 15809.494 GC heap before
{Heap before GC invocations=9738 (full 161):
 PSYoungGen      total 3584K, used 3559K [0x00000000eab00000, 0x00000000eb200000, 0x0000000100000000)
  eden space 3072K, 100% used [0x00000000eab00000,0x00000000eae00000,0x00000000eae00000)
  from space 512K, 95% used [0x00000000eaf00000,0x00000000eaf79f48,0x00000000eaf80000)
  to   space 2048K, 0% used [0x00000000eb000000,0x00000000eb000000,0x00000000eb200000)
 ParOldGen       total 127488K, used 102251K [0x00000000c0000000, 0x00000000c7c80000, 0x00000000eab00000)
  object space 127488K, 80% used [0x00000000c0000000,0x00000000c63dacb0,0x00000000c7c80000)
 Metaspace       used 95428K, committed 96576K, reserved 1179648K
  class space    used 9479K, committed 9984K, reserved 1048576K
}
Event: 15809.496 GC heap after
{Heap after GC invocations=9738 (full 161):
 PSYoungGen      total 3584K, used 2048K [0x00000000eab00000, 0x00000000eb600000, 0x0000000100000000)
  eden space 1536K, 0% used [0x00000000eab00000,0x00000000eab00000,0x00000000eac80000)
  from space 2048K, 100% used [0x00000000eb000000,0x00000000eb200000,0x00000000eb200000)
  to   space 3584K, 0% used [0x00000000eac80000,0x00000000eac80000,0x00000000eb000000)
 ParOldGen       total 127488K, used 103259K [0x00000000c0000000, 0x00000000c7c80000, 0x00000000eab00000)
  object space 127488K, 80% used [0x00000000c0000000,0x00000000c64d6f50,0x00000000c7c80000)
 Metaspace       used 95428K, committed 96576K, reserved 1179648K
  class space    used 9479K, committed 9984K, reserved 1048576K
}
Event: 15809.498 GC heap before
{Heap before GC invocations=9739 (full 161):
 PSYoungGen      total 3584K, used 3575K [0x00000000eab00000, 0x00000000eb600000, 0x0000000100000000)
  eden space 1536K, 99% used [0x00000000eab00000,0x00000000eac7ddd0,0x00000000eac80000)
  from space 2048K, 100% used [0x00000000eb000000,0x00000000eb200000,0x00000000eb200000)
  to   space 3584K, 0% used [0x00000000eac80000,0x00000000eac80000,0x00000000eb000000)
 ParOldGen       total 127488K, used 103259K [0x00000000c0000000, 0x00000000c7c80000, 0x00000000eab00000)
  object space 127488K, 80% used [0x00000000c0000000,0x00000000c64d6f50,0x00000000c7c80000)
 Metaspace       used 95428K, committed 96576K, reserved 1179648K
  class space    used 9479K, committed 9984K, reserved 1048576K
}
Event: 15809.500 GC heap after
{Heap after GC invocations=9739 (full 161):
 PSYoungGen      total 3584K, used 1632K [0x00000000eab00000, 0x00000000eb200000, 0x0000000100000000)
  eden space 1536K, 0% used [0x00000000eab00000,0x00000000eab00000,0x00000000eac80000)
  from space 2048K, 79% used [0x00000000eac80000,0x00000000eae18000,0x00000000eae80000)
  to   space 2560K, 0% used [0x00000000eaf80000,0x00000000eaf80000,0x00000000eb200000)
 ParOldGen       total 127488K, used 105236K [0x00000000c0000000, 0x00000000c7c80000, 0x00000000eab00000)
  object space 127488K, 82% used [0x00000000c0000000,0x00000000c66c5128,0x00000000c7c80000)
 Metaspace       used 95428K, committed 96576K, reserved 1179648K
  class space    used 9479K, committed 9984K, reserved 1048576K
}
Event: 15809.506 GC heap before
{Heap before GC invocations=9740 (full 161):
 PSYoungGen      total 3584K, used 3162K [0x00000000eab00000, 0x00000000eb200000, 0x0000000100000000)
  eden space 1536K, 99% used [0x00000000eab00000,0x00000000eac7e878,0x00000000eac80000)
  from space 2048K, 79% used [0x00000000eac80000,0x00000000eae18000,0x00000000eae80000)
  to   space 2560K, 0% used [0x00000000eaf80000,0x00000000eaf80000,0x00000000eb200000)
 ParOldGen       total 127488K, used 105236K [0x00000000c0000000, 0x00000000c7c80000, 0x00000000eab00000)
  object space 127488K, 82% used [0x00000000c0000000,0x00000000c66c5128,0x00000000c7c80000)
 Metaspace       used 95428K, committed 96576K, reserved 1179648K
  class space    used 9479K, committed 9984K, reserved 1048576K
}
Event: 15809.507 GC heap after
{Heap after GC invocations=9740 (full 161):
 PSYoungGen      total 3584K, used 1358K [0x00000000eab00000, 0x00000000eb100000, 0x0000000100000000)
  eden space 2048K, 0% used [0x00000000eab00000,0x00000000eab00000,0x00000000ead00000)
  from space 1536K, 88% used [0x00000000eaf80000,0x00000000eb0d3800,0x00000000eb100000)
  to   space 2048K, 0% used [0x00000000ead00000,0x00000000ead00000,0x00000000eaf00000)
 ParOldGen       total 127488K, used 106596K [0x00000000c0000000, 0x00000000c7c80000, 0x00000000eab00000)
  object space 127488K, 83% used [0x00000000c0000000,0x00000000c6819128,0x00000000c7c80000)
 Metaspace       used 95428K, committed 96576K, reserved 1179648K
  class space    used 9479K, committed 9984K, reserved 1048576K
}
Event: 15809.520 GC heap before
{Heap before GC invocations=9741 (full 161):
 PSYoungGen      total 3584K, used 3406K [0x00000000eab00000, 0x00000000eb100000, 0x0000000100000000)
  eden space 2048K, 100% used [0x00000000eab00000,0x00000000ead00000,0x00000000ead00000)
  from space 1536K, 88% used [0x00000000eaf80000,0x00000000eb0d3800,0x00000000eb100000)
  to   space 2048K, 0% used [0x00000000ead00000,0x00000000ead00000,0x00000000eaf00000)
 ParOldGen       total 127488K, used 106596K [0x00000000c0000000, 0x00000000c7c80000, 0x00000000eab00000)
  object space 127488K, 83% used [0x00000000c0000000,0x00000000c6819128,0x00000000c7c80000)
 Metaspace       used 95428K, committed 96576K, reserved 1179648K
  class space    used 9479K, committed 9984K, reserved 1048576K
}
Event: 15809.521 GC heap after
{Heap after GC invocations=9741 (full 161):
 PSYoungGen      total 4096K, used 2038K [0x00000000eab00000, 0x00000000eb480000, 0x0000000100000000)
  eden space 2048K, 0% used [0x00000000eab00000,0x00000000eab00000,0x00000000ead00000)
  from space 2048K, 99% used [0x00000000ead00000,0x00000000eaefdb20,0x00000000eaf00000)
  to   space 3584K, 0% used [0x00000000eb100000,0x00000000eb100000,0x00000000eb480000)
 ParOldGen       total 127488K, used 107404K [0x00000000c0000000, 0x00000000c7c80000, 0x00000000eab00000)
  object space 127488K, 84% used [0x00000000c0000000,0x00000000c68e3128,0x00000000c7c80000)
 Metaspace       used 95428K, committed 96576K, reserved 1179648K
  class space    used 9479K, committed 9984K, reserved 1048576K
}
Event: 15809.524 GC heap before
{Heap before GC invocations=9742 (full 161):
 PSYoungGen      total 4096K, used 4086K [0x00000000eab00000, 0x00000000eb480000, 0x0000000100000000)
  eden space 2048K, 100% used [0x00000000eab00000,0x00000000ead00000,0x00000000ead00000)
  from space 2048K, 99% used [0x00000000ead00000,0x00000000eaefdb20,0x00000000eaf00000)
  to   space 3584K, 0% used [0x00000000eb100000,0x00000000eb100000,0x00000000eb480000)
 ParOldGen       total 127488K, used 107404K [0x00000000c0000000, 0x00000000c7c80000, 0x00000000eab00000)
  object space 127488K, 84% used [0x00000000c0000000,0x00000000c68e3128,0x00000000c7c80000)
 Metaspace       used 95428K, committed 96576K, reserved 1179648K
  class space    used 9479K, committed 9984K, reserved 1048576K
}
Event: 15809.524 GC heap after
{Heap after GC invocations=9742 (full 161):
 PSYoungGen      total 5120K, used 2172K [0x00000000eab00000, 0x00000000eb380000, 0x0000000100000000)
  eden space 2560K, 0% used [0x00000000eab00000,0x00000000eab00000,0x00000000ead80000)
  from space 2560K, 84% used [0x00000000eb100000,0x00000000eb31f000,0x00000000eb380000)
  to   space 2560K, 0% used [0x00000000eae80000,0x00000000eae80000,0x00000000eb100000)
 ParOldGen       total 127488K, used 109427K [0x00000000c0000000, 0x00000000c7c80000, 0x00000000eab00000)
  object space 127488K, 85% used [0x00000000c0000000,0x00000000c6adcc48,0x00000000c7c80000)
 Metaspace       used 95428K, committed 96576K, reserved 1179648K
  class space    used 9479K, committed 9984K, reserved 1048576K
}
Event: 15809.540 GC heap before
{Heap before GC invocations=9743 (full 161):
 PSYoungGen      total 5120K, used 4732K [0x00000000eab00000, 0x00000000eb380000, 0x0000000100000000)
  eden space 2560K, 100% used [0x00000000eab00000,0x00000000ead80000,0x00000000ead80000)
  from space 2560K, 84% used [0x00000000eb100000,0x00000000eb31f000,0x00000000eb380000)
  to   space 2560K, 0% used [0x00000000eae80000,0x00000000eae80000,0x00000000eb100000)
 ParOldGen       total 127488K, used 109427K [0x00000000c0000000, 0x00000000c7c80000, 0x00000000eab00000)
  object space 127488K, 85% used [0x00000000c0000000,0x00000000c6adcc48,0x00000000c7c80000)
 Metaspace       used 95428K, committed 96576K, reserved 1179648K
  class space    used 9479K, committed 9984K, reserved 1048576K
}
Event: 15809.541 GC heap after
{Heap after GC invocations=9743 (full 161):
 PSYoungGen      total 4608K, used 1664K [0x00000000eab00000, 0x00000000eb180000, 0x0000000100000000)
  eden space 2560K, 0% used [0x00000000eab00000,0x00000000eab00000,0x00000000ead80000)
  from space 2048K, 81% used [0x00000000eae80000,0x00000000eb020000,0x00000000eb080000)
  to   space 1024K, 0% used [0x00000000eb080000,0x00000000eb080000,0x00000000eb180000)
 ParOldGen       total 127488K, used 111419K [0x00000000c0000000, 0x00000000c7c80000, 0x00000000eab00000)
  object space 127488K, 87% used [0x00000000c0000000,0x00000000c6ccec48,0x00000000c7c80000)
 Metaspace       used 95428K, committed 96576K, reserved 1179648K
  class space    used 9479K, committed 9984K, reserved 1048576K
}
Event: 15809.634 GC heap before
{Heap before GC invocations=9744 (full 161):
 PSYoungGen      total 4608K, used 4224K [0x00000000eab00000, 0x00000000eb180000, 0x0000000100000000)
  eden space 2560K, 100% used [0x00000000eab00000,0x00000000ead80000,0x00000000ead80000)
  from space 2048K, 81% used [0x00000000eae80000,0x00000000eb020000,0x00000000eb080000)
  to   space 1024K, 0% used [0x00000000eb080000,0x00000000eb080000,0x00000000eb180000)
 ParOldGen       total 127488K, used 111419K [0x00000000c0000000, 0x00000000c7c80000, 0x00000000eab00000)
  object space 127488K, 87% used [0x00000000c0000000,0x00000000c6ccec48,0x00000000c7c80000)
 Metaspace       used 95428K, committed 96576K, reserved 1179648K
  class space    used 9479K, committed 9984K, reserved 1048576K
}

Dll operation events (12 events):
Event: 0.006 Loaded shared library c:\Users\Aboun\.vscode\extensions\redhat.java-1.28.1-win32-x64\jre\17.0.10-win32-x86_64\bin\java.dll
Event: 0.080 Loaded shared library c:\Users\Aboun\.vscode\extensions\redhat.java-1.28.1-win32-x64\jre\17.0.10-win32-x86_64\bin\zip.dll
Event: 0.081 Loaded shared library C:\Users\Aboun\.vscode\extensions\redhat.java-1.28.1-win32-x64\jre\17.0.10-win32-x86_64\bin\instrument.dll
Event: 0.090 Loaded shared library C:\Users\Aboun\.vscode\extensions\redhat.java-1.28.1-win32-x64\jre\17.0.10-win32-x86_64\bin\net.dll
Event: 0.091 Loaded shared library C:\Users\Aboun\.vscode\extensions\redhat.java-1.28.1-win32-x64\jre\17.0.10-win32-x86_64\bin\nio.dll
Event: 0.096 Loaded shared library C:\Users\Aboun\.vscode\extensions\redhat.java-1.28.1-win32-x64\jre\17.0.10-win32-x86_64\bin\zip.dll
Event: 0.105 Loaded shared library C:\Users\Aboun\.vscode\extensions\redhat.java-1.28.1-win32-x64\jre\17.0.10-win32-x86_64\bin\jimage.dll
Event: 0.134 Loaded shared library c:\Users\Aboun\.vscode\extensions\redhat.java-1.28.1-win32-x64\jre\17.0.10-win32-x86_64\bin\verify.dll
Event: 0.610 Loaded shared library C:\Users\Aboun\AppData\Roaming\Code\User\globalStorage\redhat.java\1.28.1\config_win\org.eclipse.equinox.launcher\org.eclipse.equinox.launcher.win32.win32.x86_64_1.2.900.v20240129-1338\eclipse_11900.dll
Event: 1.705 Loaded shared library C:\Users\Aboun\AppData\Local\Temp\jna-63058791\jna16068051060391027337.dll
Event: 944.382 Loaded shared library C:\Users\Aboun\.vscode\extensions\redhat.java-1.28.1-win32-x64\jre\17.0.10-win32-x86_64\bin\sunmscapi.dll
Event: 944.562 Loaded shared library C:\Users\Aboun\.vscode\extensions\redhat.java-1.28.1-win32-x64\jre\17.0.10-win32-x86_64\bin\extnet.dll

Deoptimization events (20 events):
Event: 15715.410 Thread 0x000001dedc159050 DEOPT PACKING pc=0x000001decb809efc sp=0x00000031956fe6d0
Event: 15715.410 Thread 0x000001dedc159050 DEOPT UNPACKING pc=0x000001deca6d66a3 sp=0x00000031956fe640 mode 2
Event: 15715.410 Thread 0x000001dedc159050 Uncommon trap: trap_request=0xffffff45 fr.pc=0x000001decb9a17bc relative=0x0000000000000b7c
Event: 15715.410 Thread 0x000001dedc159050 Uncommon trap: reason=unstable_if action=reinterpret pc=0x000001decb9a17bc method=org.eclipse.core.internal.localstore.FileStoreRoot.getManager(Lorg/eclipse/core/runtime/IPath;)Lorg/eclipse/core/resources/IPathVariableManager; @ 18 c2
Event: 15715.410 Thread 0x000001dedc159050 DEOPT PACKING pc=0x000001decb9a17bc sp=0x00000031956fe430
Event: 15715.410 Thread 0x000001dedc159050 DEOPT UNPACKING pc=0x000001deca6d66a3 sp=0x00000031956fe3f0 mode 2
Event: 15748.943 Thread 0x000001dedcd182b0 Uncommon trap: trap_request=0xffffff6e fr.pc=0x000001decb696db0 relative=0x0000000000000b10
Event: 15748.943 Thread 0x000001dedcd182b0 Uncommon trap: reason=loop_limit_check action=maybe_recompile pc=0x000001decb696db0 method=org.eclipse.jdt.internal.compiler.lookup.MethodVerifier.computeMethods()V @ 140 c2
Event: 15748.943 Thread 0x000001dedcd182b0 DEOPT PACKING pc=0x000001decb696db0 sp=0x00000031964fe3d0
Event: 15748.943 Thread 0x000001dedcd182b0 DEOPT UNPACKING pc=0x000001deca6d66a3 sp=0x00000031964fe3a0 mode 2
Event: 15750.392 Thread 0x000001dedcd182b0 Uncommon trap: trap_request=0xffffffcc fr.pc=0x000001decbe31a0c relative=0x000000000000010c
Event: 15750.392 Thread 0x000001dedcd182b0 Uncommon trap: reason=intrinsic_or_type_checked_inlining action=make_not_entrant pc=0x000001decbe31a0c method=org.eclipse.jdt.internal.compiler.util.ObjectVector.copyInto([Ljava/lang/Object;I)V @ 11 c2
Event: 15750.392 Thread 0x000001dedcd182b0 DEOPT PACKING pc=0x000001decbe31a0c sp=0x00000031964fe440
Event: 15750.392 Thread 0x000001dedcd182b0 DEOPT UNPACKING pc=0x000001deca6d66a3 sp=0x00000031964fe3c8 mode 2
Event: 15764.799 Thread 0x000001dedcd187c0 Uncommon trap: trap_request=0xffffff45 fr.pc=0x000001decb0d4ad8 relative=0x0000000000000478
Event: 15764.799 Thread 0x000001dedcd187c0 Uncommon trap: reason=unstable_if action=reinterpret pc=0x000001decb0d4ad8 method=java.util.concurrent.locks.ReentrantReadWriteLock$Sync.tryReleaseShared(I)Z @ 129 c2
Event: 15764.799 Thread 0x000001dedcd187c0 DEOPT PACKING pc=0x000001decb0d4ad8 sp=0x00000031965fe840
Event: 15764.799 Thread 0x000001dedcd187c0 DEOPT UNPACKING pc=0x000001deca6d66a3 sp=0x00000031965fe7e8 mode 2
Event: 15798.409 Thread 0x000001dedcd187c0 DEOPT PACKING pc=0x000001dec4683dd7 sp=0x00000031965fe340
Event: 15798.409 Thread 0x000001dedcd187c0 DEOPT UNPACKING pc=0x000001deca6d6e43 sp=0x00000031965fd7d0 mode 0

Classes unloaded (20 events):
Event: 15044.683 Thread 0x000001dec0648c90 Unloading class 0x0000000100952400 'jdk/internal/reflect/GeneratedConstructorAccessor75'
Event: 15044.683 Thread 0x000001dec0648c90 Unloading class 0x0000000100953400 'jdk/internal/reflect/GeneratedConstructorAccessor74'
Event: 15044.683 Thread 0x000001dec0648c90 Unloading class 0x00000001009b9000 'jdk/internal/reflect/GeneratedConstructorAccessor73'
Event: 15044.683 Thread 0x000001dec0648c90 Unloading class 0x0000000100775800 'jdk/internal/reflect/GeneratedConstructorAccessor69'
Event: 15044.683 Thread 0x000001dec0648c90 Unloading class 0x0000000100814c00 'jdk/internal/reflect/GeneratedConstructorAccessor67'
Event: 15044.683 Thread 0x000001dec0648c90 Unloading class 0x0000000100814000 'java/lang/invoke/LambdaForm$MH+0x0000000100814000'
Event: 15044.683 Thread 0x000001dec0648c90 Unloading class 0x0000000100199400 'java/lang/invoke/LambdaForm$MH+0x0000000100199400'
Event: 15044.683 Thread 0x000001dec0648c90 Unloading class 0x000000010094dc00 'java/lang/invoke/LambdaForm$MH+0x000000010094dc00'
Event: 15044.683 Thread 0x000001dec0648c90 Unloading class 0x000000010094e000 'java/lang/invoke/LambdaForm$MH+0x000000010094e000'
Event: 15044.683 Thread 0x000001dec0648c90 Unloading class 0x000000010094d800 'jdk/internal/reflect/GeneratedMethodAccessor38'
Event: 15044.683 Thread 0x000001dec0648c90 Unloading class 0x000000010094cc00 'jdk/internal/reflect/GeneratedConstructorAccessor57'
Event: 15044.683 Thread 0x000001dec0648c90 Unloading class 0x00000001007b5800 'java/lang/invoke/LambdaForm$MH+0x00000001007b5800'
Event: 15044.683 Thread 0x000001dec0648c90 Unloading class 0x00000001007b6400 'java/lang/invoke/LambdaForm$MH+0x00000001007b6400'
Event: 15044.683 Thread 0x000001dec0648c90 Unloading class 0x00000001007b8000 'java/lang/invoke/LambdaForm$MH+0x00000001007b8000'
Event: 15044.683 Thread 0x000001dec0648c90 Unloading class 0x00000001002d0c00 'jdk/internal/reflect/GeneratedSerializationConstructorAccessor3'
Event: 15044.683 Thread 0x000001dec0648c90 Unloading class 0x00000001002d0800 'jdk/internal/reflect/GeneratedSerializationConstructorAccessor2'
Event: 15044.683 Thread 0x000001dec0648c90 Unloading class 0x00000001002d0400 'jdk/internal/reflect/GeneratedSerializationConstructorAccessor1'
Event: 15044.683 Thread 0x000001dec0648c90 Unloading class 0x0000000100221800 'java/lang/invoke/LambdaForm$MH+0x0000000100221800'
Event: 15044.683 Thread 0x000001dec0648c90 Unloading class 0x0000000100198c00 'java/lang/invoke/LambdaForm$MH+0x0000000100198c00'
Event: 15044.683 Thread 0x000001dec0648c90 Unloading class 0x0000000100198400 'java/lang/invoke/LambdaForm$MH+0x0000000100198400'

Classes redefined (0 events):
No events

Internal exceptions (20 events):
Event: 15590.487 Thread 0x000001dedcd187c0 Exception <a 'java/lang/ClassNotFoundException'{0x00000000ead1d7c0}: sun/net/www/protocol/jdt/Handler> (0x00000000ead1d7c0) 
thrown [s\src\hotspot\share\classfile\systemDictionary.cpp, line 256]
Event: 15590.487 Thread 0x000001dedcd187c0 Exception <a 'java/lang/ClassNotFoundException'{0x00000000ead1fbe0}: sun/net/www/protocol/jdt/Handler> (0x00000000ead1fbe0) 
thrown [s\src\hotspot\share\classfile\systemDictionary.cpp, line 256]
Event: 15590.487 Thread 0x000001dedcd187c0 Exception <a 'java/lang/ClassNotFoundException'{0x00000000ead263f0}: sun/net/www/protocol/jdt/Handler> (0x00000000ead263f0) 
thrown [s\src\hotspot\share\classfile\systemDictionary.cpp, line 256]
Event: 15715.247 Thread 0x000001dedcd1ba60 Exception <a 'sun/nio/fs/WindowsException'{0x00000000eab96c10}> (0x00000000eab96c10) 
thrown [s\src\hotspot\share\prims\jni.cpp, line 516]
Event: 15715.293 Thread 0x000001dedcd1ba60 Exception <a 'sun/nio/fs/WindowsException'{0x00000000eac64d88}> (0x00000000eac64d88) 
thrown [s\src\hotspot\share\prims\jni.cpp, line 516]
Event: 15715.410 Thread 0x000001dedc159050 Implicit null exception at 0x000001decb9a0d28 to 0x000001decb9a17ac
Event: 15715.410 Thread 0x000001dedc159050 Exception <a 'sun/nio/fs/WindowsException'{0x00000000eab0b9b0}> (0x00000000eab0b9b0) 
thrown [s\src\hotspot\share\prims\jni.cpp, line 516]
Event: 15715.411 Thread 0x000001dedc159050 Exception <a 'sun/nio/fs/WindowsException'{0x00000000eab116e0}> (0x00000000eab116e0) 
thrown [s\src\hotspot\share\prims\jni.cpp, line 516]
Event: 15715.412 Thread 0x000001dedc159050 Exception <a 'sun/nio/fs/WindowsException'{0x00000000eab16ad8}> (0x00000000eab16ad8) 
thrown [s\src\hotspot\share\prims\jni.cpp, line 516]
Event: 15715.414 Thread 0x000001dedc159050 Exception <a 'sun/nio/fs/WindowsException'{0x00000000eab2f1c8}> (0x00000000eab2f1c8) 
thrown [s\src\hotspot\share\prims\jni.cpp, line 516]
Event: 15715.414 Thread 0x000001dedc159050 Exception <a 'sun/nio/fs/WindowsException'{0x00000000eab34c18}> (0x00000000eab34c18) 
thrown [s\src\hotspot\share\prims\jni.cpp, line 516]
Event: 15715.415 Thread 0x000001dedc159050 Exception <a 'sun/nio/fs/WindowsException'{0x00000000eab3a010}> (0x00000000eab3a010) 
thrown [s\src\hotspot\share\prims\jni.cpp, line 516]
Event: 15732.792 Thread 0x000001dedcd1ba60 Exception <a 'sun/nio/fs/WindowsException'{0x00000000eabf4e30}> (0x00000000eabf4e30) 
thrown [s\src\hotspot\share\prims\jni.cpp, line 516]
Event: 15732.841 Thread 0x000001dedcd1ba60 Exception <a 'sun/nio/fs/WindowsException'{0x00000000eaca5b30}> (0x00000000eaca5b30) 
thrown [s\src\hotspot\share\prims\jni.cpp, line 516]
Event: 15736.793 Thread 0x000001dedcd1ba60 Exception <a 'sun/nio/fs/WindowsException'{0x00000000ead5a1a8}> (0x00000000ead5a1a8) 
thrown [s\src\hotspot\share\prims\jni.cpp, line 516]
Event: 15736.905 Thread 0x000001dedcd1ba60 Exception <a 'sun/nio/fs/WindowsException'{0x00000000eac0f520}> (0x00000000eac0f520) 
thrown [s\src\hotspot\share\prims\jni.cpp, line 516]
Event: 15798.533 Thread 0x000001dedcd1ba60 Exception <a 'sun/nio/fs/WindowsException'{0x00000000eabcaa38}> (0x00000000eabcaa38) 
thrown [s\src\hotspot\share\prims\jni.cpp, line 516]
Event: 15798.582 Thread 0x000001dedcd1ba60 Exception <a 'sun/nio/fs/WindowsException'{0x00000000eabd8158}> (0x00000000eabd8158) 
thrown [s\src\hotspot\share\prims\jni.cpp, line 516]
Event: 15809.487 Thread 0x000001dedcd1ba60 Exception <a 'sun/nio/fs/WindowsException'{0x00000000eac38f28}> (0x00000000eac38f28) 
thrown [s\src\hotspot\share\prims\jni.cpp, line 516]
Event: 15809.537 Thread 0x000001dedcd1ba60 Exception <a 'sun/nio/fs/WindowsException'{0x00000000eac27400}> (0x00000000eac27400) 
thrown [s\src\hotspot\share\prims\jni.cpp, line 516]

VM Operations (20 events):
Event: 15809.441 Executing VM operation: ParallelGCFailedAllocation done
Event: 15809.445 Executing VM operation: ParallelGCFailedAllocation
Event: 15809.447 Executing VM operation: ParallelGCFailedAllocation done
Event: 15809.451 Executing VM operation: ParallelGCFailedAllocation
Event: 15809.452 Executing VM operation: ParallelGCFailedAllocation done
Event: 15809.491 Executing VM operation: ParallelGCFailedAllocation
Event: 15809.491 Executing VM operation: ParallelGCFailedAllocation done
Event: 15809.494 Executing VM operation: ParallelGCFailedAllocation
Event: 15809.496 Executing VM operation: ParallelGCFailedAllocation done
Event: 15809.498 Executing VM operation: ParallelGCFailedAllocation
Event: 15809.500 Executing VM operation: ParallelGCFailedAllocation done
Event: 15809.506 Executing VM operation: ParallelGCFailedAllocation
Event: 15809.507 Executing VM operation: ParallelGCFailedAllocation done
Event: 15809.520 Executing VM operation: ParallelGCFailedAllocation
Event: 15809.521 Executing VM operation: ParallelGCFailedAllocation done
Event: 15809.524 Executing VM operation: ParallelGCFailedAllocation
Event: 15809.524 Executing VM operation: ParallelGCFailedAllocation done
Event: 15809.540 Executing VM operation: ParallelGCFailedAllocation
Event: 15809.541 Executing VM operation: ParallelGCFailedAllocation done
Event: 15809.634 Executing VM operation: ParallelGCFailedAllocation

Events (20 events):
Event: 15585.795 Thread 0x000001ded95abb80 flushing nmethod 0x000001dec4e9bf10
Event: 15585.795 Thread 0x000001ded95abb80 flushing nmethod 0x000001dec4ec4710
Event: 15585.795 Thread 0x000001ded95abb80 flushing nmethod 0x000001dec4f5cc10
Event: 15585.795 Thread 0x000001ded95abb80 flushing nmethod 0x000001dec4f5d190
Event: 15585.795 Thread 0x000001ded95abb80 flushing nmethod 0x000001dec4f66e10
Event: 15585.795 Thread 0x000001ded95abb80 flushing nmethod 0x000001dec501fa90
Event: 15585.795 Thread 0x000001ded95abb80 flushing nmethod 0x000001dec5022e90
Event: 15585.795 Thread 0x000001ded95abb80 flushing nmethod 0x000001dec5160810
Event: 15585.796 Thread 0x000001ded95abb80 flushing nmethod 0x000001dec53f1890
Event: 15588.774 Thread 0x000001dedc158630 Thread added: 0x000001dedc158630
Event: 15588.778 Thread 0x000001dedc158630 Thread exited: 0x000001dedc158630
Event: 15649.261 Thread 0x000001dedc155390 Thread exited: 0x000001dedc155390
Event: 15715.303 Thread 0x000001dedc158630 Thread added: 0x000001dedc158630
Event: 15715.303 Thread 0x000001dedc158630 Thread exited: 0x000001dedc158630
Event: 15746.195 Thread 0x000001dedcd18cd0 Thread exited: 0x000001dedcd18cd0
Event: 15748.740 Thread 0x000001dedc155390 Thread added: 0x000001dedc155390
Event: 15797.875 Thread 0x000001dedc1558a0 Thread added: 0x000001dedc1558a0
Event: 15798.684 Thread 0x000001dedc158630 Thread added: 0x000001dedc158630
Event: 15798.688 Thread 0x000001dedc158630 Thread exited: 0x000001dedc158630
Event: 15809.634 Thread 0x000001dedc158630 Thread added: 0x000001dedc158630


Dynamic libraries:
0x00007ff6a9db0000 - 0x00007ff6a9dbe000 	c:\Users\Aboun\.vscode\extensions\redhat.java-1.28.1-win32-x64\jre\17.0.10-win32-x86_64\bin\java.exe
0x00007fff21e30000 - 0x00007fff22047000 	C:\WINDOWS\SYSTEM32\ntdll.dll
0x00007fff206e0000 - 0x00007fff207a4000 	C:\WINDOWS\System32\KERNEL32.DLL
0x00007fff1f530000 - 0x00007fff1f8d6000 	C:\WINDOWS\System32\KERNELBASE.dll
0x00007fff1f990000 - 0x00007fff1faa1000 	C:\WINDOWS\System32\ucrtbase.dll
0x00007fff127b0000 - 0x00007fff127c7000 	c:\Users\Aboun\.vscode\extensions\redhat.java-1.28.1-win32-x64\jre\17.0.10-win32-x86_64\bin\jli.dll
0x00007fff18050000 - 0x00007fff1806b000 	c:\Users\Aboun\.vscode\extensions\redhat.java-1.28.1-win32-x64\jre\17.0.10-win32-x86_64\bin\VCRUNTIME140.dll
0x00007fff217c0000 - 0x00007fff2196e000 	C:\WINDOWS\System32\USER32.dll
0x00007fff05c40000 - 0x00007fff05ed3000 	C:\WINDOWS\WinSxS\amd64_microsoft.windows.common-controls_6595b64144ccf1df_6.0.22621.2506_none_270c5ae97388e100\COMCTL32.dll
0x00007fff1fab0000 - 0x00007fff1fad6000 	C:\WINDOWS\System32\win32u.dll
0x00007fff20440000 - 0x00007fff204e7000 	C:\WINDOWS\System32\msvcrt.dll
0x00007fff20930000 - 0x00007fff20959000 	C:\WINDOWS\System32\GDI32.dll
0x00007fff1f410000 - 0x00007fff1f528000 	C:\WINDOWS\System32\gdi32full.dll
0x00007fff1fae0000 - 0x00007fff1fb7a000 	C:\WINDOWS\System32\msvcp_win.dll
0x00007fff207b0000 - 0x00007fff207e1000 	C:\WINDOWS\System32\IMM32.DLL
0x00007fff19f90000 - 0x00007fff19f9c000 	c:\Users\Aboun\.vscode\extensions\redhat.java-1.28.1-win32-x64\jre\17.0.10-win32-x86_64\bin\vcruntime140_1.dll
0x00007ffee6120000 - 0x00007ffee61ad000 	c:\Users\Aboun\.vscode\extensions\redhat.java-1.28.1-win32-x64\jre\17.0.10-win32-x86_64\bin\msvcp140.dll
0x00007ffe54e10000 - 0x00007ffe55a72000 	c:\Users\Aboun\.vscode\extensions\redhat.java-1.28.1-win32-x64\jre\17.0.10-win32-x86_64\bin\server\jvm.dll
0x00007fff1fb80000 - 0x00007fff1fc33000 	C:\WINDOWS\System32\ADVAPI32.dll
0x00007fff1fce0000 - 0x00007fff1fd88000 	C:\WINDOWS\System32\sechost.dll
0x00007fff1f8e0000 - 0x00007fff1f908000 	C:\WINDOWS\System32\bcrypt.dll
0x00007fff21590000 - 0x00007fff216a7000 	C:\WINDOWS\System32\RPCRT4.dll
0x00007fff15930000 - 0x00007fff15939000 	C:\WINDOWS\SYSTEM32\WSOCK32.dll
0x00007fff1e000000 - 0x00007fff1e04d000 	C:\WINDOWS\SYSTEM32\POWRPROF.dll
0x00007fff14920000 - 0x00007fff14954000 	C:\WINDOWS\SYSTEM32\WINMM.dll
0x00007fff21270000 - 0x00007fff212e1000 	C:\WINDOWS\System32\WS2_32.dll
0x00007fff18540000 - 0x00007fff1854a000 	C:\WINDOWS\SYSTEM32\VERSION.dll
0x00007fff1dfe0000 - 0x00007fff1dff3000 	C:\WINDOWS\SYSTEM32\UMPDC.dll
0x00007fff1e240000 - 0x00007fff1e258000 	C:\WINDOWS\SYSTEM32\kernel.appcore.dll
0x00007fff17fe0000 - 0x00007fff17fea000 	c:\Users\Aboun\.vscode\extensions\redhat.java-1.28.1-win32-x64\jre\17.0.10-win32-x86_64\bin\jimage.dll
0x00007fff1c9f0000 - 0x00007fff1cc23000 	C:\WINDOWS\SYSTEM32\DBGHELP.DLL
0x00007fff1fe20000 - 0x00007fff201a9000 	C:\WINDOWS\System32\combase.dll
0x00007fff20850000 - 0x00007fff20927000 	C:\WINDOWS\System32\OLEAUT32.dll
0x00007ffef71a0000 - 0x00007ffef71d2000 	C:\WINDOWS\SYSTEM32\dbgcore.DLL
0x00007fff1f910000 - 0x00007fff1f98a000 	C:\WINDOWS\System32\bcryptPrimitives.dll
0x00007fff132e0000 - 0x00007fff132ee000 	c:\Users\Aboun\.vscode\extensions\redhat.java-1.28.1-win32-x64\jre\17.0.10-win32-x86_64\bin\instrument.dll
0x00007fff11cd0000 - 0x00007fff11cf5000 	c:\Users\Aboun\.vscode\extensions\redhat.java-1.28.1-win32-x64\jre\17.0.10-win32-x86_64\bin\java.dll
0x00007fff122e0000 - 0x00007fff122f8000 	c:\Users\Aboun\.vscode\extensions\redhat.java-1.28.1-win32-x64\jre\17.0.10-win32-x86_64\bin\zip.dll
0x00007fff20a10000 - 0x00007fff2126b000 	C:\WINDOWS\System32\SHELL32.dll
0x00007fff1d0e0000 - 0x00007fff1d9d6000 	C:\WINDOWS\SYSTEM32\windows.storage.dll
0x00007fff1cfa0000 - 0x00007fff1d0de000 	C:\WINDOWS\SYSTEM32\wintypes.dll
0x00007fff212f0000 - 0x00007fff213e3000 	C:\WINDOWS\System32\SHCORE.dll
0x00007fff207f0000 - 0x00007fff2084e000 	C:\WINDOWS\System32\shlwapi.dll
0x00007fff1f0a0000 - 0x00007fff1f0c6000 	C:\WINDOWS\SYSTEM32\profapi.dll
0x00007fff0da80000 - 0x00007fff0da99000 	C:\Users\Aboun\.vscode\extensions\redhat.java-1.28.1-win32-x64\jre\17.0.10-win32-x86_64\bin\net.dll
0x00007fff18780000 - 0x00007fff188b7000 	C:\WINDOWS\SYSTEM32\WINHTTP.dll
0x00007fff1e720000 - 0x00007fff1e789000 	C:\WINDOWS\system32\mswsock.dll
0x00007fff049c0000 - 0x00007fff049d6000 	C:\Users\Aboun\.vscode\extensions\redhat.java-1.28.1-win32-x64\jre\17.0.10-win32-x86_64\bin\nio.dll
0x00007fff132b0000 - 0x00007fff132c0000 	c:\Users\Aboun\.vscode\extensions\redhat.java-1.28.1-win32-x64\jre\17.0.10-win32-x86_64\bin\verify.dll
0x00007ffeef040000 - 0x00007ffeef07e000 	C:\Users\Aboun\AppData\Roaming\Code\User\globalStorage\redhat.java\1.28.1\config_win\org.eclipse.equinox.launcher\org.eclipse.equinox.launcher.win32.win32.x86_64_1.2.900.v20240129-1338\eclipse_11900.dll
0x00007fff213f0000 - 0x00007fff21590000 	C:\WINDOWS\System32\ole32.dll
0x00007fff1e970000 - 0x00007fff1e98b000 	C:\WINDOWS\SYSTEM32\CRYPTSP.dll
0x00007fff1e200000 - 0x00007fff1e235000 	C:\WINDOWS\system32\rsaenh.dll
0x00007fff1e810000 - 0x00007fff1e83c000 	C:\WINDOWS\SYSTEM32\USERENV.dll
0x00007fff1e990000 - 0x00007fff1e99c000 	C:\WINDOWS\SYSTEM32\CRYPTBASE.dll
0x00007fff1dcb0000 - 0x00007fff1dcdd000 	C:\WINDOWS\SYSTEM32\IPHLPAPI.DLL
0x00007fff1fc40000 - 0x00007fff1fc49000 	C:\WINDOWS\System32\NSI.dll
0x00007fff186f0000 - 0x00007fff18709000 	C:\WINDOWS\SYSTEM32\dhcpcsvc6.DLL
0x00007fff186d0000 - 0x00007fff186ef000 	C:\WINDOWS\SYSTEM32\dhcpcsvc.DLL
0x00007fff1dd20000 - 0x00007fff1de19000 	C:\WINDOWS\SYSTEM32\DNSAPI.dll
0x00007ffedeeb0000 - 0x00007ffedeef5000 	C:\Users\Aboun\AppData\Local\Temp\jna-63058791\jna16068051060391027337.dll
0x00007fff206d0000 - 0x00007fff206d8000 	C:\WINDOWS\System32\PSAPI.DLL
0x00007fff1bf70000 - 0x00007fff1bf7e000 	C:\Users\Aboun\.vscode\extensions\redhat.java-1.28.1-win32-x64\jre\17.0.10-win32-x86_64\bin\sunmscapi.dll
0x00007fff1f170000 - 0x00007fff1f2d6000 	C:\WINDOWS\System32\CRYPT32.dll
0x00007fff1eb10000 - 0x00007fff1eb3e000 	C:\WINDOWS\SYSTEM32\ncrypt.dll
0x00007fff1ead0000 - 0x00007fff1eb07000 	C:\WINDOWS\SYSTEM32\NTASN1.dll
0x00007fff10020000 - 0x00007fff1002a000 	C:\Windows\System32\rasadhlp.dll
0x00007fff17ed0000 - 0x00007fff17f53000 	C:\WINDOWS\System32\fwpuclnt.dll
0x00007fff15950000 - 0x00007fff15959000 	C:\Users\Aboun\.vscode\extensions\redhat.java-1.28.1-win32-x64\jre\17.0.10-win32-x86_64\bin\extnet.dll

dbghelp: loaded successfully - version: 4.0.5 - missing functions: none
symbol engine: initialized successfully - sym options: 0x614 - pdb path: .;c:\Users\Aboun\.vscode\extensions\redhat.java-1.28.1-win32-x64\jre\17.0.10-win32-x86_64\bin;C:\WINDOWS\SYSTEM32;C:\WINDOWS\WinSxS\amd64_microsoft.windows.common-controls_6595b64144ccf1df_6.0.22621.2506_none_270c5ae97388e100;c:\Users\Aboun\.vscode\extensions\redhat.java-1.28.1-win32-x64\jre\17.0.10-win32-x86_64\bin\server;C:\Users\Aboun\AppData\Roaming\Code\User\globalStorage\redhat.java\1.28.1\config_win\org.eclipse.equinox.launcher\org.eclipse.equinox.launcher.win32.win32.x86_64_1.2.900.v20240129-1338;C:\Users\Aboun\AppData\Local\Temp\jna-63058791

VM Arguments:
jvm_args: --add-modules=ALL-SYSTEM --add-opens=java.base/java.util=ALL-UNNAMED --add-opens=java.base/java.lang=ALL-UNNAMED --add-opens=java.base/sun.nio.fs=ALL-UNNAMED -Declipse.application=org.eclipse.jdt.ls.core.id1 -Dosgi.bundles.defaultStartLevel=4 -Declipse.product=org.eclipse.jdt.ls.core.product -Djava.import.generatesMetadataFilesAtProjectRoot=false -DDetectVMInstallationsJob.disabled=true -Dfile.encoding=utf8 -XX:+UseParallelGC -XX:GCTimeRatio=4 -XX:AdaptiveSizePolicyWeight=90 -Dsun.zip.disableMemoryMapping=true -Xmx1G -Xms100m -Xlog:disable -javaagent:c:\Users\Aboun\.vscode\extensions\redhat.java-1.28.1-win32-x64\lombok\lombok-1.18.31.jar -XX:+HeapDumpOnOutOfMemoryError -XX:HeapDumpPath=c:\Users\Aboun\AppData\Roaming\Code\User\workspaceStorage\f4f2e6e4d33df3577cbe33033ea152e6\redhat.java -Daether.dependencyCollector.impl=bf 
java_command: c:\Users\Aboun\.vscode\extensions\redhat.java-1.28.1-win32-x64\server\plugins\org.eclipse.equinox.launcher_1.6.700.v20231214-2017.jar -configuration c:\Users\Aboun\AppData\Roaming\Code\User\globalStorage\redhat.java\1.28.1\config_win -data c:\Users\Aboun\AppData\Roaming\Code\User\workspaceStorage\f4f2e6e4d33df3577cbe33033ea152e6\redhat.java\jdt_ws --stdio
java_class_path (initial): c:\Users\Aboun\.vscode\extensions\redhat.java-1.28.1-win32-x64\server\plugins\org.eclipse.equinox.launcher_1.6.700.v20231214-2017.jar
Launcher Type: SUN_STANDARD

[Global flags]
    uintx AdaptiveSizePolicyWeight                 = 90                                        {product} {command line}
     intx CICompilerCount                          = 12                                        {product} {ergonomic}
    uintx GCTimeRatio                              = 4                                         {product} {command line}
     bool HeapDumpOnOutOfMemoryError               = true                                   {manageable} {command line}
    ccstr HeapDumpPath                             = c:\Users\Aboun\AppData\Roaming\Code\User\workspaceStorage\f4f2e6e4d33df3577cbe33033ea152e6\redhat.java         {manageable} {command line}
   size_t InitialHeapSize                          = 104857600                                 {product} {command line}
   size_t MaxHeapSize                              = 1073741824                                {product} {command line}
   size_t MaxNewSize                               = 357564416                                 {product} {ergonomic}
   size_t MinHeapDeltaBytes                        = 524288                                    {product} {ergonomic}
   size_t MinHeapSize                              = 104857600                                 {product} {command line}
   size_t NewSize                                  = 34603008                                  {product} {ergonomic}
    uintx NonNMethodCodeHeapSize                   = 7602480                                {pd product} {ergonomic}
    uintx NonProfiledCodeHeapSize                  = 122027880                              {pd product} {ergonomic}
   size_t OldSize                                  = 70254592                                  {product} {ergonomic}
    uintx ProfiledCodeHeapSize                     = 122027880                              {pd product} {ergonomic}
    uintx ReservedCodeCacheSize                    = 251658240                              {pd product} {ergonomic}
     bool SegmentedCodeCache                       = true                                      {product} {ergonomic}
   size_t SoftMaxHeapSize                          = 1073741824                             {manageable} {ergonomic}
     bool UseCompressedClassPointers               = true                           {product lp64_product} {ergonomic}
     bool UseCompressedOops                        = true                           {product lp64_product} {ergonomic}
     bool UseLargePagesIndividualAllocation        = false                                  {pd product} {ergonomic}
     bool UseParallelGC                            = true                                      {product} {command line}

Logging:
Log output configuration:
 #0: stdout all=off uptime,level,tags
 #1: stderr all=off uptime,level,tags

Environment Variables:
JAVA_HOME=C:\Program Files\Java\jdk-19
PATH=C:\Program Files\Common Files\Oracle\Java\javapath;C:\Program Files\Eclipse Adoptium\jdk-17.0.3.7-hotspot\bin;C:\Program Files (x86)\Razer Chroma SDK\bin;C:\Program Files\Razer Chroma SDK\bin;C:\Program Files (x86)\Razer\ChromaBroadcast\bin;C:\Program Files\Razer\ChromaBroadcast\bin;C:\Windows\system32;C:\Windows;C:\Windows\System32\Wbem;C:\Windows\System32\WindowsPowerShell\v1.0\;C:\Windows\System32\OpenSSH\;C:\Program Files (x86)\NVIDIA Corporation\PhysX\Common;C:\Program Files\NVIDIA Corporation\NVIDIA NvDLISR;C:\WINDOWS\system32;C:\WINDOWS;C:\WINDOWS\System32\Wbem;C:\WINDOWS\System32\WindowsPowerShell\v1.0\;C:\WINDOWS\System32\OpenSSH\;C:\WINDOWS\system32\config\systemprofile\AppData\Local\Microsoft\WindowsApps;C:\Program Files\Git\cmd;C:\Program Files\nodejs\;C:\Users\Aboun\AppData\Local\Android\Sdk\platform-tools;C:\Program Files\Java\jdk-19\bin;C:\Users\Aboun\MatLab\bin;C:\Program Files\Microsoft SQL Server\150\Tools\Binn\;C:\Program Files\dotnet\;C:\Program Files\Maven\apache-maven-3.9.4\bin;;%SystemRoot%\system32;%SystemRoot%;%SystemRoot%\System32\Wbem;%SYSTEMROOT%\System32\WindowsPowerShell\v1.0\;%SYSTEMROOT%\System32\OpenSSH\;C:\Users\Aboun\AppData\Local\Microsoft\WindowsApps;C:\Users\Aboun\AppData\Local\Programs\Microsoft VS Code\bin;C:\Users\Aboun\AppData\Local\GitHubDesktop\bin;C:\Users\Aboun\AppData\Roaming\npm;
USERNAME=Aboun
OS=Windows_NT
PROCESSOR_IDENTIFIER=Intel64 Family 6 Model 165 Stepping 5, GenuineIntel
TMP=C:\Users\Aboun\AppData\Local\Temp
TEMP=C:\Users\Aboun\AppData\Local\Temp



Periodic native trim disabled


---------------  S Y S T E M  ---------------

OS:
 Windows 11 , 64 bit Build 22621 (10.0.22621.3085)
OS uptime: 0 days 21:14 hours

CPU: total 20 (initial active 20) (10 cores per cpu, 2 threads per core) family 6 model 165 stepping 5 microcode 0xe0, cx8, cmov, fxsr, ht, mmx, 3dnowpref, sse, sse2, sse3, ssse3, sse4.1, sse4.2, popcnt, lzcnt, tsc, tscinvbit, avx, avx2, aes, erms, clmul, bmi1, bmi2, adx, fma, vzeroupper, clflush, clflushopt
Processor Information for all 20 processors :
  Max Mhz: 3696, Current Mhz: 3696, Mhz Limit: 3696

Memory: 4k page, system-wide physical 32670M (21470M free)
TotalPageFile size 37534M (AvailPageFile size 21222M)
current process WorkingSet (physical memory assigned to process): 463M, peak: 839M
current process commit charge ("private bytes"): 503M, peak: 768M

vm_info: OpenJDK 64-Bit Server VM (17.0.10+7) for windows-amd64 JRE (17.0.10+7), built on Jan 16 2024 23:25:11 by "admin" with MS VC++ 16.10 / 16.11 (VS2019)

END.
